{"timestamp":"2026-03-27T13:05:22.251388","level":"info","event":"DAG bundles loaded: dags-folder","logger":"airflow.dag_processing.bundles.manager.DagBundlesManager"}
{"timestamp":"2026-03-27T13:05:22.251732","level":"info","event":"Filling up the DagBag from /opt/airflow/dags/etf_morning.py","logger":"airflow.models.dagbag.DagBag"}
{"timestamp":"2026-03-27T13:05:22.361978","level":"info","event":"Starting docker container from image etlers-etf-forecast:latest","logger":"airflow.task.operators.airflow.providers.docker.operators.docker.DockerOperator"}
{"timestamp":"2026-03-27T13:05:22.947080","level":"info","event":"[2026-03-27 22:05:22 KST] 아침 평가 배치를 시작합니다. started_at=2026-03-27 22:05:22 KST, model=gemma3:4b","logger":"airflow.task.operators.airflow.providers.docker.operators.docker.DockerOperator"}
{"timestamp":"2026-03-27T13:05:22.947790","level":"info","event":"[2026-03-27 22:05:22 KST] 비활성 ETF 생성물 정리 완료: 활성 7개 / 삭제 0건","logger":"airflow.task.operators.airflow.providers.docker.operators.docker.DockerOperator"}
{"timestamp":"2026-03-27T13:05:23.952791","level":"info","event":"[2026-03-27 22:05:23 KST] 슬랙 시작 알림 전송 완료","logger":"airflow.task.operators.airflow.providers.docker.operators.docker.DockerOperator"}
{"timestamp":"2026-03-27T13:05:23.954893","level":"info","event":"[2026-03-27 22:05:23 KST] ETF 평가 시작: 069500 KODEX 코스피 200","logger":"airflow.task.operators.airflow.providers.docker.operators.docker.DockerOperator"}
{"timestamp":"2026-03-27T13:08:11.775610","level":"info","event":"[2026-03-27 22:08:11 KST] 069500 KODEX 코스피 200: week=strong_bearish, month=strong_bearish -> data/reports/069500_20260327.md (167.8초)","logger":"airflow.task.operators.airflow.providers.docker.operators.docker.DockerOperator"}
{"timestamp":"2026-03-27T13:08:12.156957","level":"info","event":"[2026-03-27 22:08:12 KST] 슬랙 ETF 알림 전송 완료(069500)","logger":"airflow.task.operators.airflow.providers.docker.operators.docker.DockerOperator"}
{"timestamp":"2026-03-27T13:08:12.159322","level":"info","event":"[2026-03-27 22:08:12 KST] ETF 평가 시작: 229200 KODEX 코스닥 150 ETF","logger":"airflow.task.operators.airflow.providers.docker.operators.docker.DockerOperator"}
{"timestamp":"2026-03-27T13:09:31.709423","level":"info","event":"[2026-03-27 22:09:31 KST] 229200 KODEX 코스닥 150 ETF: week=strong_bearish, month=strong_bearish -> data/reports/229200_20260327.md (79.6초)","logger":"airflow.task.operators.airflow.providers.docker.operators.docker.DockerOperator"}
{"timestamp":"2026-03-27T13:09:32.117792","level":"info","event":"[2026-03-27 22:09:32 KST] 슬랙 ETF 알림 전송 완료(229200)","logger":"airflow.task.operators.airflow.providers.docker.operators.docker.DockerOperator"}
{"timestamp":"2026-03-27T13:09:32.120337","level":"info","event":"[2026-03-27 22:09:32 KST] ETF 평가 시작: 396500 TIGER 반도체 TOP 10","logger":"airflow.task.operators.airflow.providers.docker.operators.docker.DockerOperator"}
{"timestamp":"2026-03-27T13:10:55.413912","level":"info","event":"[2026-03-27 22:10:55 KST] 396500 TIGER 반도체 TOP 10: week=strong_bearish, month=strong_bearish -> data/reports/396500_20260327.md (83.3초)","logger":"airflow.task.operators.airflow.providers.docker.operators.docker.DockerOperator"}
{"timestamp":"2026-03-27T13:10:55.813225","level":"info","event":"[2026-03-27 22:10:55 KST] 슬랙 ETF 알림 전송 완료(396500)","logger":"airflow.task.operators.airflow.providers.docker.operators.docker.DockerOperator"}
{"timestamp":"2026-03-27T13:10:55.813619","level":"info","event":"[2026-03-27 22:10:55 KST] ETF 평가 시작: 0080G0 KODEX 방산 TOP 10","logger":"airflow.task.operators.airflow.providers.docker.operators.docker.DockerOperator"}
{"timestamp":"2026-03-27T13:12:46.550324","level":"info","event":"[2026-03-27 22:12:46 KST] 0080G0 KODEX 방산 TOP 10: week=neutral, month=neutral -> data/reports/0080G0_20260327.md (110.7초)","logger":"airflow.task.operators.airflow.providers.docker.operators.docker.DockerOperator"}
{"timestamp":"2026-03-27T13:12:46.970492","level":"info","event":"[2026-03-27 22:12:46 KST] 슬랙 ETF 알림 전송 완료(0080G0)","logger":"airflow.task.operators.airflow.providers.docker.operators.docker.DockerOperator"}
{"timestamp":"2026-03-27T13:12:46.973244","level":"info","event":"[2026-03-27 22:12:46 KST] ETF 평가 시작: 466920 SOL 조선 TOP3 플러스","logger":"airflow.task.operators.airflow.providers.docker.operators.docker.DockerOperator"}
{"timestamp":"2026-03-27T13:13:55.020193","level":"info","event":"[2026-03-27 22:13:55 KST] 466920 SOL 조선 TOP3 플러스: week=neutral, month=neutral -> data/reports/466920_20260327.md (68.1초)","logger":"airflow.task.operators.airflow.providers.docker.operators.docker.DockerOperator"}
{"timestamp":"2026-03-27T13:13:55.402234","level":"info","event":"[2026-03-27 22:13:55 KST] 슬랙 ETF 알림 전송 완료(466920)","logger":"airflow.task.operators.airflow.providers.docker.operators.docker.DockerOperator"}
{"timestamp":"2026-03-27T13:13:55.406170","level":"info","event":"[2026-03-27 22:13:55 KST] ETF 평가 시작: 161510 PLUS 고배당주","logger":"airflow.task.operators.airflow.providers.docker.operators.docker.DockerOperator"}
{"timestamp":"2026-03-27T13:15:18.200652","level":"info","event":"[2026-03-27 22:15:18 KST] 161510 PLUS 고배당주: week=neutral, month=neutral -> data/reports/161510_20260327.md (82.8초)","logger":"airflow.task.operators.airflow.providers.docker.operators.docker.DockerOperator"}
{"timestamp":"2026-03-27T13:15:18.575959","level":"info","event":"[2026-03-27 22:15:18 KST] 슬랙 ETF 알림 전송 완료(161510)","logger":"airflow.task.operators.airflow.providers.docker.operators.docker.DockerOperator"}
{"timestamp":"2026-03-27T13:15:18.578012","level":"info","event":"[2026-03-27 22:15:18 KST] ETF 평가 시작: 305720 KODEX 2차전지산업","logger":"airflow.task.operators.airflow.providers.docker.operators.docker.DockerOperator"}
{"timestamp":"2026-03-27T13:16:58.473091","level":"info","event":"[2026-03-27 22:16:58 KST] 305720 KODEX 2차전지산업: week=strong_bearish, month=bearish -> data/reports/305720_20260327.md (99.9초)","logger":"airflow.task.operators.airflow.providers.docker.operators.docker.DockerOperator"}
{"timestamp":"2026-03-27T13:16:58.847707","level":"info","event":"[2026-03-27 22:16:58 KST] 슬랙 ETF 알림 전송 완료(305720)","logger":"airflow.task.operators.airflow.providers.docker.operators.docker.DockerOperator"}
{"timestamp":"2026-03-27T13:16:58.848585","level":"info","event":"[2026-03-27 22:16:58 KST] 아침 평가 배치를 완료합니다. finished_at=2026-03-27 22:16:58 KST, elapsed=695.9초","logger":"airflow.task.operators.airflow.providers.docker.operators.docker.DockerOperator"}
{"timestamp":"2026-03-27T13:16:59.235668","level":"info","event":"[2026-03-27 22:16:59 KST] 슬랙 최종 알림 전송 완료","logger":"airflow.task.operators.airflow.providers.docker.operators.docker.DockerOperator"}
{"timestamp":"2026-03-27T13:16:59.849427","level":"info","event":"Pushing xcom","ti":"RuntimeTaskInstance(id=UUID('019d2f53-fdb4-7d1b-88a9-79221daf4c61'), task_id='run_morning_batch', dag_id='etf_forecast_morning', run_id='scheduled__2026-03-26T22:00:00+00:00', try_number=2, map_index=-1, hostname='1ebd32b6cb5e', context_carrier=None, task=<Task(DockerOperator): run_morning_batch>, bundle_instance=LocalDagBundle(name=dags-folder), max_tries=1, start_date=datetime.datetime(2026, 3, 27, 13, 5, 22, 218539, tzinfo=TzInfo(UTC)), end_date=None, state=<TaskInstanceState.RUNNING: 'running'>, is_mapped=False, rendered_map_index=None)","logger":"task"}
