{"timestamp":"2026-03-29T04:21:20.709868","level":"info","event":"DAG bundles loaded: dags-folder","logger":"airflow.dag_processing.bundles.manager.DagBundlesManager"}
{"timestamp":"2026-03-29T04:21:20.710271","level":"info","event":"Filling up the DagBag from /opt/airflow/dags/etf_intraday.py","logger":"airflow.models.dagbag.DagBag"}
{"timestamp":"2026-03-29T04:21:21.253586","level":"info","event":"Starting docker container from image etlers-etf-forecast:latest","logger":"airflow.task.operators.airflow.providers.docker.operators.docker.DockerOperator"}
{"timestamp":"2026-03-29T04:21:22.141604","level":"info","event":"[2026-03-29 13:21:22 KST] 장중 배치를 시작합니다. started_at=2026-03-29 13:21:22 KST, model=gemma3:4b","logger":"airflow.task.operators.airflow.providers.docker.operators.docker.DockerOperator"}
{"timestamp":"2026-03-29T04:21:22.141930","level":"info","event":"[2026-03-29 13:21:22 KST] 비활성 ETF 생성물 정리 완료: 활성 7개 / 삭제 0건","logger":"airflow.task.operators.airflow.providers.docker.operators.docker.DockerOperator"}
{"timestamp":"2026-03-29T04:21:23.074620","level":"info","event":"[2026-03-29 13:21:23 KST] 슬랙 시작 알림 전송 완료","logger":"airflow.task.operators.airflow.providers.docker.operators.docker.DockerOperator"}
{"timestamp":"2026-03-29T04:21:23.076079","level":"info","event":"[2026-03-29 13:21:23 KST] ETF 분석 시작: 069500 KODEX 코스피 200","logger":"airflow.task.operators.airflow.providers.docker.operators.docker.DockerOperator"}
{"timestamp":"2026-03-29T04:23:26.127655","level":"info","event":"[2026-03-29 13:23:26 KST] 069500 KODEX 코스피 200: week=bearish, month=bearish -> data/reports/069500_20260329.md (123.1초)","logger":"airflow.task.operators.airflow.providers.docker.operators.docker.DockerOperator"}
{"timestamp":"2026-03-29T04:23:26.477289","level":"info","event":"[2026-03-29 13:23:26 KST] 슬랙 ETF 알림 전송 완료(069500)","logger":"airflow.task.operators.airflow.providers.docker.operators.docker.DockerOperator"}
{"timestamp":"2026-03-29T04:23:26.479520","level":"info","event":"[2026-03-29 13:23:26 KST] ETF 분석 시작: 229200 KODEX 코스닥 150 ETF","logger":"airflow.task.operators.airflow.providers.docker.operators.docker.DockerOperator"}
{"timestamp":"2026-03-29T04:27:07.266382","level":"info","event":"[2026-03-29 13:27:07 KST] 229200 KODEX 코스닥 150 ETF: week=bearish, month=bearish -> data/reports/229200_20260329.md (220.8초)","logger":"airflow.task.operators.airflow.providers.docker.operators.docker.DockerOperator"}
{"timestamp":"2026-03-29T04:27:07.644903","level":"info","event":"[2026-03-29 13:27:07 KST] 슬랙 ETF 알림 전송 완료(229200)","logger":"airflow.task.operators.airflow.providers.docker.operators.docker.DockerOperator"}
{"timestamp":"2026-03-29T04:27:07.647868","level":"info","event":"[2026-03-29 13:27:07 KST] ETF 분석 시작: 396500 TIGER 반도체 TOP 10","logger":"airflow.task.operators.airflow.providers.docker.operators.docker.DockerOperator"}
{"timestamp":"2026-03-29T04:28:44.174068","level":"info","event":"[2026-03-29 13:28:44 KST] 396500 TIGER 반도체 TOP 10: week=strong_bearish, month=strong_bearish -> data/reports/396500_20260329.md (96.5초)","logger":"airflow.task.operators.airflow.providers.docker.operators.docker.DockerOperator"}
{"timestamp":"2026-03-29T04:28:44.551453","level":"info","event":"[2026-03-29 13:28:44 KST] 슬랙 ETF 알림 전송 완료(396500)","logger":"airflow.task.operators.airflow.providers.docker.operators.docker.DockerOperator"}
{"timestamp":"2026-03-29T04:28:44.553390","level":"info","event":"[2026-03-29 13:28:44 KST] ETF 분석 시작: 0080G0 KODEX 방산 TOP 10","logger":"airflow.task.operators.airflow.providers.docker.operators.docker.DockerOperator"}
{"timestamp":"2026-03-29T04:29:42.564521","level":"info","event":"[2026-03-29 13:29:42 KST] 0080G0 KODEX 방산 TOP 10: week=bullish, month=neutral -> data/reports/0080G0_20260329.md (58.0초)","logger":"airflow.task.operators.airflow.providers.docker.operators.docker.DockerOperator"}
{"timestamp":"2026-03-29T04:29:42.927440","level":"info","event":"[2026-03-29 13:29:42 KST] 슬랙 ETF 알림 전송 완료(0080G0)","logger":"airflow.task.operators.airflow.providers.docker.operators.docker.DockerOperator"}
{"timestamp":"2026-03-29T04:29:42.929832","level":"info","event":"[2026-03-29 13:29:42 KST] ETF 분석 시작: 466920 SOL 조선 TOP3 플러스","logger":"airflow.task.operators.airflow.providers.docker.operators.docker.DockerOperator"}
{"timestamp":"2026-03-29T04:30:23.539237","level":"info","event":"[2026-03-29 13:30:23 KST] 466920 SOL 조선 TOP3 플러스: week=neutral, month=neutral -> data/reports/466920_20260329.md (40.6초)","logger":"airflow.task.operators.airflow.providers.docker.operators.docker.DockerOperator"}
{"timestamp":"2026-03-29T04:30:23.906105","level":"info","event":"[2026-03-29 13:30:23 KST] 슬랙 ETF 알림 전송 완료(466920)","logger":"airflow.task.operators.airflow.providers.docker.operators.docker.DockerOperator"}
{"timestamp":"2026-03-29T04:30:23.907715","level":"info","event":"[2026-03-29 13:30:23 KST] ETF 분석 시작: 161510 PLUS 고배당주","logger":"airflow.task.operators.airflow.providers.docker.operators.docker.DockerOperator"}
{"timestamp":"2026-03-29T04:32:49.908538","level":"info","event":"[2026-03-29 13:32:49 KST] 161510 PLUS 고배당주: week=neutral, month=neutral -> data/reports/161510_20260329.md (146.0초)","logger":"airflow.task.operators.airflow.providers.docker.operators.docker.DockerOperator"}
{"timestamp":"2026-03-29T04:32:50.324175","level":"info","event":"[2026-03-29 13:32:50 KST] 슬랙 ETF 알림 전송 완료(161510)","logger":"airflow.task.operators.airflow.providers.docker.operators.docker.DockerOperator"}
{"timestamp":"2026-03-29T04:32:50.334217","level":"info","event":"[2026-03-29 13:32:50 KST] ETF 분석 시작: 305720 KODEX 2차전지산업","logger":"airflow.task.operators.airflow.providers.docker.operators.docker.DockerOperator"}
{"timestamp":"2026-03-29T04:35:17.038364","level":"info","event":"[2026-03-29 13:35:17 KST] 305720 KODEX 2차전지산업: week=bearish, month=bearish -> data/reports/305720_20260329.md (146.7초)","logger":"airflow.task.operators.airflow.providers.docker.operators.docker.DockerOperator"}
{"timestamp":"2026-03-29T04:35:17.412832","level":"info","event":"[2026-03-29 13:35:17 KST] 슬랙 ETF 알림 전송 완료(305720)","logger":"airflow.task.operators.airflow.providers.docker.operators.docker.DockerOperator"}
{"timestamp":"2026-03-29T04:35:17.414091","level":"info","event":"[2026-03-29 13:35:17 KST] 장중 배치를 완료합니다. finished_at=2026-03-29 13:35:17 KST, elapsed=835.3초","logger":"airflow.task.operators.airflow.providers.docker.operators.docker.DockerOperator"}
{"timestamp":"2026-03-29T04:35:17.781609","level":"info","event":"[2026-03-29 13:35:17 KST] 슬랙 최종 알림 전송 완료","logger":"airflow.task.operators.airflow.providers.docker.operators.docker.DockerOperator"}
{"timestamp":"2026-03-29T04:35:18.839430","level":"info","event":"Pushing xcom","ti":"RuntimeTaskInstance(id=UUID('019d37d3-2bd5-7457-a7f7-a7390993487b'), task_id='run_intraday_batch', dag_id='etf_forecast_intraday', run_id='manual__2026-03-29T04:21:19.437335+00:00', try_number=1, map_index=-1, hostname='6c03dc990432', context_carrier=None, task=<Task(DockerOperator): run_intraday_batch>, bundle_instance=LocalDagBundle(name=dags-folder), max_tries=1, start_date=datetime.datetime(2026, 3, 29, 4, 21, 20, 213142, tzinfo=TzInfo(UTC)), end_date=None, state=<TaskInstanceState.RUNNING: 'running'>, is_mapped=False, rendered_map_index=None)","logger":"task"}
