{"timestamp":"2026-03-27T12:48:00.657815","level":"info","event":"DAG bundles loaded: dags-folder","logger":"airflow.dag_processing.bundles.manager.DagBundlesManager"}
{"timestamp":"2026-03-27T12:48:00.658204","level":"info","event":"Filling up the DagBag from /opt/airflow/dags/etf_intraday.py","logger":"airflow.models.dagbag.DagBag"}
{"timestamp":"2026-03-27T12:48:00.820849","level":"info","event":"Starting docker container from image etlers-etf-forecast:latest","logger":"airflow.task.operators.airflow.providers.docker.operators.docker.DockerOperator"}
{"timestamp":"2026-03-27T12:48:01.517231","level":"info","event":"[2026-03-27 21:48:01 KST] 장중 배치를 시작합니다. started_at=2026-03-27 21:48:01 KST, model=gemma3:4b","logger":"airflow.task.operators.airflow.providers.docker.operators.docker.DockerOperator"}
{"timestamp":"2026-03-27T12:48:01.517491","level":"info","event":"[2026-03-27 21:48:01 KST] 비활성 ETF 생성물 정리 완료: 활성 7개 / 삭제 0건","logger":"airflow.task.operators.airflow.providers.docker.operators.docker.DockerOperator"}
{"timestamp":"2026-03-27T12:48:02.487675","level":"info","event":"[2026-03-27 21:48:02 KST] 슬랙 시작 알림 전송 완료","logger":"airflow.task.operators.airflow.providers.docker.operators.docker.DockerOperator"}
{"timestamp":"2026-03-27T12:48:02.492698","level":"info","event":"[2026-03-27 21:48:02 KST] ETF 분석 시작: 069500 KODEX 코스피 200","logger":"airflow.task.operators.airflow.providers.docker.operators.docker.DockerOperator"}
{"timestamp":"2026-03-27T12:50:56.149779","level":"info","event":"[2026-03-27 21:50:56 KST] 069500 KODEX 코스피 200: week=strong_bearish, month=strong_bearish -> data/reports/069500_20260327.md (173.7초)","logger":"airflow.task.operators.airflow.providers.docker.operators.docker.DockerOperator"}
{"timestamp":"2026-03-27T12:50:56.540366","level":"info","event":"[2026-03-27 21:50:56 KST] 슬랙 ETF 알림 전송 완료(069500)","logger":"airflow.task.operators.airflow.providers.docker.operators.docker.DockerOperator"}
{"timestamp":"2026-03-27T12:50:56.542120","level":"info","event":"[2026-03-27 21:50:56 KST] ETF 분석 시작: 229200 KODEX 코스닥 150 ETF","logger":"airflow.task.operators.airflow.providers.docker.operators.docker.DockerOperator"}
{"timestamp":"2026-03-27T12:52:14.750630","level":"info","event":"[2026-03-27 21:52:14 KST] 229200 KODEX 코스닥 150 ETF: week=strong_bearish, month=strong_bearish -> data/reports/229200_20260327.md (78.2초)","logger":"airflow.task.operators.airflow.providers.docker.operators.docker.DockerOperator"}
{"timestamp":"2026-03-27T12:52:15.131355","level":"info","event":"[2026-03-27 21:52:15 KST] 슬랙 ETF 알림 전송 완료(229200)","logger":"airflow.task.operators.airflow.providers.docker.operators.docker.DockerOperator"}
{"timestamp":"2026-03-27T12:52:15.132762","level":"info","event":"[2026-03-27 21:52:15 KST] ETF 분석 시작: 396500 TIGER 반도체 TOP 10","logger":"airflow.task.operators.airflow.providers.docker.operators.docker.DockerOperator"}
{"timestamp":"2026-03-27T12:53:47.725788","level":"info","event":"[2026-03-27 21:53:47 KST] 396500 TIGER 반도체 TOP 10: week=strong_bearish, month=strong_bearish -> data/reports/396500_20260327.md (92.6초)","logger":"airflow.task.operators.airflow.providers.docker.operators.docker.DockerOperator"}
{"timestamp":"2026-03-27T12:53:48.212101","level":"info","event":"[2026-03-27 21:53:48 KST] 슬랙 ETF 알림 전송 완료(396500)","logger":"airflow.task.operators.airflow.providers.docker.operators.docker.DockerOperator"}
{"timestamp":"2026-03-27T12:53:48.212515","level":"info","event":"[2026-03-27 21:53:48 KST] ETF 분석 시작: 0080G0 KODEX 방산 TOP 10","logger":"airflow.task.operators.airflow.providers.docker.operators.docker.DockerOperator"}
{"timestamp":"2026-03-27T12:55:46.852608","level":"info","event":"[2026-03-27 21:55:46 KST] 0080G0 KODEX 방산 TOP 10: week=neutral, month=neutral -> data/reports/0080G0_20260327.md (118.6초)","logger":"airflow.task.operators.airflow.providers.docker.operators.docker.DockerOperator"}
{"timestamp":"2026-03-27T12:55:47.218077","level":"info","event":"[2026-03-27 21:55:47 KST] 슬랙 ETF 알림 전송 완료(0080G0)","logger":"airflow.task.operators.airflow.providers.docker.operators.docker.DockerOperator"}
{"timestamp":"2026-03-27T12:55:47.219107","level":"info","event":"[2026-03-27 21:55:47 KST] ETF 분석 시작: 466920 SOL 조선 TOP3 플러스","logger":"airflow.task.operators.airflow.providers.docker.operators.docker.DockerOperator"}
{"timestamp":"2026-03-27T12:57:00.629432","level":"info","event":"[2026-03-27 21:57:00 KST] 466920 SOL 조선 TOP3 플러스: week=neutral, month=neutral -> data/reports/466920_20260327.md (73.4초)","logger":"airflow.task.operators.airflow.providers.docker.operators.docker.DockerOperator"}
{"timestamp":"2026-03-27T12:57:01.036592","level":"info","event":"[2026-03-27 21:57:01 KST] 슬랙 ETF 알림 전송 완료(466920)","logger":"airflow.task.operators.airflow.providers.docker.operators.docker.DockerOperator"}
{"timestamp":"2026-03-27T12:57:01.038427","level":"info","event":"[2026-03-27 21:57:01 KST] ETF 분석 시작: 161510 PLUS 고배당주","logger":"airflow.task.operators.airflow.providers.docker.operators.docker.DockerOperator"}
{"timestamp":"2026-03-27T12:57:01.038567","level":"info","event":"","logger":"airflow.task.operators.airflow.providers.docker.operators.docker.DockerOperator"}
{"timestamp":"2026-03-27T12:58:39.277957","level":"info","event":"[2026-03-27 21:58:39 KST] 161510 PLUS 고배당주: week=neutral, month=neutral -> data/reports/161510_20260327.md (98.2초)","logger":"airflow.task.operators.airflow.providers.docker.operators.docker.DockerOperator"}
{"timestamp":"2026-03-27T12:58:39.690905","level":"info","event":"[2026-03-27 21:58:39 KST] 슬랙 ETF 알림 전송 완료(161510)","logger":"airflow.task.operators.airflow.providers.docker.operators.docker.DockerOperator"}
{"timestamp":"2026-03-27T12:58:39.691339","level":"info","event":"[2026-03-27 21:58:39 KST] ETF 분석 시작: 305720 KODEX 2차전지산업","logger":"airflow.task.operators.airflow.providers.docker.operators.docker.DockerOperator"}
{"timestamp":"2026-03-27T13:00:18.517719","level":"info","event":"[2026-03-27 22:00:18 KST] 305720 KODEX 2차전지산업: week=bearish, month=bearish -> data/reports/305720_20260327.md (98.8초)","logger":"airflow.task.operators.airflow.providers.docker.operators.docker.DockerOperator"}
{"timestamp":"2026-03-27T13:00:19.098051","level":"info","event":"[2026-03-27 22:00:19 KST] 슬랙 ETF 알림 전송 완료(305720)","logger":"airflow.task.operators.airflow.providers.docker.operators.docker.DockerOperator"}
{"timestamp":"2026-03-27T13:00:19.099857","level":"info","event":"[2026-03-27 22:00:19 KST] 장중 배치를 완료합니다. finished_at=2026-03-27 22:00:19 KST, elapsed=737.6초","logger":"airflow.task.operators.airflow.providers.docker.operators.docker.DockerOperator"}
{"timestamp":"2026-03-27T13:00:19.666833","level":"info","event":"[2026-03-27 22:00:19 KST] 슬랙 최종 알림 전송 완료","logger":"airflow.task.operators.airflow.providers.docker.operators.docker.DockerOperator"}
{"timestamp":"2026-03-27T13:00:20.398537","level":"info","event":"Pushing xcom","ti":"RuntimeTaskInstance(id=UUID('019d2f49-bcf8-7409-a498-bd6a676cd7a3'), task_id='run_intraday_batch', dag_id='etf_forecast_intraday', run_id='manual__2026-03-27T12:34:14.806308+00:00_vOZ6UFLW', try_number=2, map_index=-1, hostname='1ebd32b6cb5e', context_carrier=None, task=<Task(DockerOperator): run_intraday_batch>, bundle_instance=LocalDagBundle(name=dags-folder), max_tries=1, start_date=datetime.datetime(2026, 3, 27, 12, 48, 0, 603873, tzinfo=TzInfo(UTC)), end_date=None, state=<TaskInstanceState.RUNNING: 'running'>, is_mapped=False, rendered_map_index=None)","logger":"task"}
