{"timestamp":"2026-03-29T22:00:00.227886","level":"info","event":"DAG bundles loaded: dags-folder","logger":"airflow.dag_processing.bundles.manager.DagBundlesManager"}
{"timestamp":"2026-03-29T22:00:00.228161","level":"info","event":"Filling up the DagBag from /opt/airflow/dags/etf_morning.py","logger":"airflow.models.dagbag.DagBag"}
{"timestamp":"2026-03-29T22:00:00.592119","level":"info","event":"Starting docker container from image etlers-etf-forecast:latest","logger":"airflow.task.operators.airflow.providers.docker.operators.docker.DockerOperator"}
{"timestamp":"2026-03-29T22:00:01.191237","level":"info","event":"[2026-03-30 07:00:01 KST] 아침 평가 배치를 시작합니다. started_at=2026-03-30 07:00:01 KST, model=gemma3:4b","logger":"airflow.task.operators.airflow.providers.docker.operators.docker.DockerOperator"}
{"timestamp":"2026-03-29T22:00:01.192004","level":"info","event":"[2026-03-30 07:00:01 KST] 비활성 ETF 생성물 정리 완료: 활성 7개 / 삭제 0건","logger":"airflow.task.operators.airflow.providers.docker.operators.docker.DockerOperator"}
{"timestamp":"2026-03-29T22:00:02.362290","level":"info","event":"[2026-03-30 07:00:02 KST] 슬랙 시작 알림 전송 완료","logger":"airflow.task.operators.airflow.providers.docker.operators.docker.DockerOperator"}
{"timestamp":"2026-03-29T22:00:02.364890","level":"info","event":"[2026-03-30 07:00:02 KST] ETF 평가 시작: 069500 KODEX 코스피 200","logger":"airflow.task.operators.airflow.providers.docker.operators.docker.DockerOperator"}
{"timestamp":"2026-03-29T22:03:05.980386","level":"info","event":"[2026-03-30 07:03:05 KST] 069500 KODEX 코스피 200: week=bearish, month=bearish -> data/reports/069500_20260330.md (183.6초)","logger":"airflow.task.operators.airflow.providers.docker.operators.docker.DockerOperator"}
{"timestamp":"2026-03-29T22:03:06.510063","level":"info","event":"[2026-03-30 07:03:06 KST] 슬랙 ETF 알림 전송 완료(069500)","logger":"airflow.task.operators.airflow.providers.docker.operators.docker.DockerOperator"}
{"timestamp":"2026-03-29T22:03:06.511558","level":"info","event":"[2026-03-30 07:03:06 KST] ETF 평가 시작: 229200 KODEX 코스닥 150 ETF","logger":"airflow.task.operators.airflow.providers.docker.operators.docker.DockerOperator"}
{"timestamp":"2026-03-29T22:07:30.148344","level":"info","event":"[2026-03-30 07:07:30 KST] 229200 KODEX 코스닥 150 ETF: week=bearish, month=bearish -> data/reports/229200_20260330.md (263.6초)","logger":"airflow.task.operators.airflow.providers.docker.operators.docker.DockerOperator"}
{"timestamp":"2026-03-29T22:07:30.528738","level":"info","event":"[2026-03-30 07:07:30 KST] 슬랙 ETF 알림 전송 완료(229200)","logger":"airflow.task.operators.airflow.providers.docker.operators.docker.DockerOperator"}
{"timestamp":"2026-03-29T22:07:30.529275","level":"info","event":"[2026-03-30 07:07:30 KST] ETF 평가 시작: 396500 TIGER 반도체 TOP 10","logger":"airflow.task.operators.airflow.providers.docker.operators.docker.DockerOperator"}
{"timestamp":"2026-03-29T22:09:11.311382","level":"info","event":"[2026-03-30 07:09:11 KST] 396500 TIGER 반도체 TOP 10: week=strong_bearish, month=strong_bearish -> data/reports/396500_20260330.md (100.8초)","logger":"airflow.task.operators.airflow.providers.docker.operators.docker.DockerOperator"}
{"timestamp":"2026-03-29T22:09:11.842479","level":"info","event":"[2026-03-30 07:09:11 KST] 슬랙 ETF 알림 전송 완료(396500)","logger":"airflow.task.operators.airflow.providers.docker.operators.docker.DockerOperator"}
{"timestamp":"2026-03-29T22:09:11.845008","level":"info","event":"[2026-03-30 07:09:11 KST] ETF 평가 시작: 0080G0 KODEX 방산 TOP 10","logger":"airflow.task.operators.airflow.providers.docker.operators.docker.DockerOperator"}
{"timestamp":"2026-03-29T22:10:26.262839","level":"info","event":"[2026-03-30 07:10:26 KST] 0080G0 KODEX 방산 TOP 10: week=bullish, month=neutral -> data/reports/0080G0_20260330.md (74.4초)","logger":"airflow.task.operators.airflow.providers.docker.operators.docker.DockerOperator"}
{"timestamp":"2026-03-29T22:10:26.801003","level":"info","event":"[2026-03-30 07:10:26 KST] 슬랙 ETF 알림 전송 완료(0080G0)","logger":"airflow.task.operators.airflow.providers.docker.operators.docker.DockerOperator"}
{"timestamp":"2026-03-29T22:10:26.802350","level":"info","event":"[2026-03-30 07:10:26 KST] ETF 평가 시작: 466920 SOL 조선 TOP3 플러스","logger":"airflow.task.operators.airflow.providers.docker.operators.docker.DockerOperator"}
{"timestamp":"2026-03-29T22:11:06.042897","level":"info","event":"[2026-03-30 07:11:06 KST] 466920 SOL 조선 TOP3 플러스: week=neutral, month=neutral -> data/reports/466920_20260330.md (39.2초)","logger":"airflow.task.operators.airflow.providers.docker.operators.docker.DockerOperator"}
{"timestamp":"2026-03-29T22:11:06.582037","level":"info","event":"[2026-03-30 07:11:06 KST] 슬랙 ETF 알림 전송 완료(466920)","logger":"airflow.task.operators.airflow.providers.docker.operators.docker.DockerOperator"}
{"timestamp":"2026-03-29T22:11:06.583761","level":"info","event":"[2026-03-30 07:11:06 KST] ETF 평가 시작: 161510 PLUS 고배당주","logger":"airflow.task.operators.airflow.providers.docker.operators.docker.DockerOperator"}
{"timestamp":"2026-03-29T22:13:04.341485","level":"info","event":"[2026-03-30 07:13:04 KST] 161510 PLUS 고배당주: week=neutral, month=neutral -> data/reports/161510_20260330.md (117.8초)","logger":"airflow.task.operators.airflow.providers.docker.operators.docker.DockerOperator"}
{"timestamp":"2026-03-29T22:13:04.881353","level":"info","event":"[2026-03-30 07:13:04 KST] 슬랙 ETF 알림 전송 완료(161510)","logger":"airflow.task.operators.airflow.providers.docker.operators.docker.DockerOperator"}
{"timestamp":"2026-03-29T22:13:04.882753","level":"info","event":"[2026-03-30 07:13:04 KST] ETF 평가 시작: 305720 KODEX 2차전지산업","logger":"airflow.task.operators.airflow.providers.docker.operators.docker.DockerOperator"}
{"timestamp":"2026-03-29T22:16:01.668477","level":"info","event":"[2026-03-30 07:16:01 KST] 305720 KODEX 2차전지산업: week=bearish, month=bearish -> data/reports/305720_20260330.md (176.8초)","logger":"airflow.task.operators.airflow.providers.docker.operators.docker.DockerOperator"}
{"timestamp":"2026-03-29T22:16:02.191593","level":"info","event":"[2026-03-30 07:16:02 KST] 슬랙 ETF 알림 전송 완료(305720)","logger":"airflow.task.operators.airflow.providers.docker.operators.docker.DockerOperator"}
{"timestamp":"2026-03-29T22:16:02.193722","level":"info","event":"[2026-03-30 07:16:02 KST] 아침 평가 배치를 완료합니다. finished_at=2026-03-30 07:16:02 KST, elapsed=961.0초","logger":"airflow.task.operators.airflow.providers.docker.operators.docker.DockerOperator"}
{"timestamp":"2026-03-29T22:16:02.705487","level":"info","event":"[2026-03-30 07:16:02 KST] 슬랙 최종 알림 전송 완료","logger":"airflow.task.operators.airflow.providers.docker.operators.docker.DockerOperator"}
{"timestamp":"2026-03-29T22:16:04.007391","level":"info","event":"Pushing xcom","ti":"RuntimeTaskInstance(id=UUID('019d3b9c-6b94-75f1-a97e-5a4c281b38d5'), task_id='run_morning_batch', dag_id='etf_forecast_morning', run_id='scheduled__2026-03-29T22:00:00+00:00', try_number=1, map_index=-1, hostname='6c03dc990432', context_carrier=None, task=<Task(DockerOperator): run_morning_batch>, bundle_instance=LocalDagBundle(name=dags-folder), max_tries=1, start_date=datetime.datetime(2026, 3, 29, 22, 0, 0, 197401, tzinfo=TzInfo(UTC)), end_date=None, state=<TaskInstanceState.RUNNING: 'running'>, is_mapped=False, rendered_map_index=None)","logger":"task"}
