{"timestamp":"2026-03-27T12:35:01.622949","level":"info","event":"DAG bundles loaded: dags-folder","logger":"airflow.dag_processing.bundles.manager.DagBundlesManager"}
{"timestamp":"2026-03-27T12:35:01.623273","level":"info","event":"Filling up the DagBag from /opt/airflow/dags/etf_intraday.py","logger":"airflow.models.dagbag.DagBag"}
{"timestamp":"2026-03-27T12:35:01.883291","level":"info","event":"Starting docker container from image etlers-etf-forecast:latest","logger":"airflow.task.operators.airflow.providers.docker.operators.docker.DockerOperator"}
{"timestamp":"2026-03-27T12:35:02.391549","level":"info","event":"[2026-03-27 21:35:02 KST] 장중 배치를 시작합니다. started_at=2026-03-27 21:35:02 KST, model=gemma3:4b","logger":"airflow.task.operators.airflow.providers.docker.operators.docker.DockerOperator"}
{"timestamp":"2026-03-27T12:35:02.391907","level":"info","event":"[2026-03-27 21:35:02 KST] 비활성 ETF 생성물 정리 완료: 활성 7개 / 삭제 0건","logger":"airflow.task.operators.airflow.providers.docker.operators.docker.DockerOperator"}
{"timestamp":"2026-03-27T12:35:03.326884","level":"info","event":"[2026-03-27 21:35:03 KST] 슬랙 시작 알림 전송 완료","logger":"airflow.task.operators.airflow.providers.docker.operators.docker.DockerOperator"}
{"timestamp":"2026-03-27T12:35:03.327507","level":"info","event":"[2026-03-27 21:35:03 KST] ETF 분석 시작: 069500 KODEX 코스피 200","logger":"airflow.task.operators.airflow.providers.docker.operators.docker.DockerOperator"}
{"timestamp":"2026-03-27T12:37:59.640082","level":"info","event":"[2026-03-27 21:37:59 KST] 069500 KODEX 코스피 200: week=strong_bearish, month=strong_bearish -> data/reports/069500_20260327.md (176.3초)","logger":"airflow.task.operators.airflow.providers.docker.operators.docker.DockerOperator"}
{"timestamp":"2026-03-27T12:38:00.029221","level":"info","event":"[2026-03-27 21:38:00 KST] 슬랙 ETF 알림 전송 완료(069500)","logger":"airflow.task.operators.airflow.providers.docker.operators.docker.DockerOperator"}
{"timestamp":"2026-03-27T12:38:00.030229","level":"info","event":"[2026-03-27 21:38:00 KST] ETF 분석 시작: 229200 KODEX 코스닥 150 ETF","logger":"airflow.task.operators.airflow.providers.docker.operators.docker.DockerOperator"}
{"timestamp":"2026-03-27T12:39:25.999043","level":"info","event":"[2026-03-27 21:39:25 KST] 229200 KODEX 코스닥 150 ETF: week=strong_bearish, month=strong_bearish -> data/reports/229200_20260327.md (86.0초)","logger":"airflow.task.operators.airflow.providers.docker.operators.docker.DockerOperator"}
{"timestamp":"2026-03-27T12:39:26.360279","level":"info","event":"[2026-03-27 21:39:26 KST] 슬랙 ETF 알림 전송 완료(229200)","logger":"airflow.task.operators.airflow.providers.docker.operators.docker.DockerOperator"}
{"timestamp":"2026-03-27T12:39:26.363688","level":"info","event":"[2026-03-27 21:39:26 KST] ETF 분석 시작: 396500 TIGER 반도체 TOP 10","logger":"airflow.task.operators.airflow.providers.docker.operators.docker.DockerOperator"}
{"timestamp":"2026-03-27T12:40:55.998665","level":"info","event":"[2026-03-27 21:40:55 KST] 396500 TIGER 반도체 TOP 10: week=strong_bearish, month=strong_bearish -> data/reports/396500_20260327.md (89.6초)","logger":"airflow.task.operators.airflow.providers.docker.operators.docker.DockerOperator"}
{"timestamp":"2026-03-27T12:40:56.361063","level":"info","event":"[2026-03-27 21:40:56 KST] 슬랙 ETF 알림 전송 완료(396500)","logger":"airflow.task.operators.airflow.providers.docker.operators.docker.DockerOperator"}
{"timestamp":"2026-03-27T12:40:56.362940","level":"info","event":"[2026-03-27 21:40:56 KST] ETF 분석 시작: 0080G0 KODEX 방산 TOP 10","logger":"airflow.task.operators.airflow.providers.docker.operators.docker.DockerOperator"}
{"timestamp":"2026-03-27T12:42:50.109100","level":"info","event":"[2026-03-27 21:42:50 KST] 0080G0 KODEX 방산 TOP 10: week=neutral, month=neutral -> data/reports/0080G0_20260327.md (113.7초)","logger":"airflow.task.operators.airflow.providers.docker.operators.docker.DockerOperator"}
{"timestamp":"2026-03-27T12:42:50.532121","level":"info","event":"[2026-03-27 21:42:50 KST] 슬랙 ETF 알림 전송 완료(0080G0)","logger":"airflow.task.operators.airflow.providers.docker.operators.docker.DockerOperator"}
{"timestamp":"2026-03-27T12:42:50.532983","level":"info","event":"[2026-03-27 21:42:50 KST] ETF 분석 시작: 466920 SOL 조선 TOP3 플러스","logger":"airflow.task.operators.airflow.providers.docker.operators.docker.DockerOperator"}
{"timestamp":"2026-03-27T12:44:05.737165","level":"info","event":"[2026-03-27 21:44:05 KST] 466920 SOL 조선 TOP3 플러스: week=neutral, month=neutral -> data/reports/466920_20260327.md (75.2초)","logger":"airflow.task.operators.airflow.providers.docker.operators.docker.DockerOperator"}
{"timestamp":"2026-03-27T12:44:06.104304","level":"info","event":"[2026-03-27 21:44:06 KST] 슬랙 ETF 알림 전송 완료(466920)","logger":"airflow.task.operators.airflow.providers.docker.operators.docker.DockerOperator"}
{"timestamp":"2026-03-27T12:44:06.108399","level":"info","event":"[2026-03-27 21:44:06 KST] ETF 분석 시작: 161510 PLUS 고배당주","logger":"airflow.task.operators.airflow.providers.docker.operators.docker.DockerOperator"}
{"timestamp":"2026-03-27T12:44:06.108751","level":"info","event":"","logger":"airflow.task.operators.airflow.providers.docker.operators.docker.DockerOperator"}
{"timestamp":"2026-03-27T12:45:44.763506","level":"info","event":"[2026-03-27 21:45:44 KST] 161510 PLUS 고배당주: week=neutral, month=neutral -> data/reports/161510_20260327.md (98.7초)","logger":"airflow.task.operators.airflow.providers.docker.operators.docker.DockerOperator"}
{"timestamp":"2026-03-27T12:45:45.137318","level":"info","event":"[2026-03-27 21:45:45 KST] 슬랙 ETF 알림 전송 완료(161510)","logger":"airflow.task.operators.airflow.providers.docker.operators.docker.DockerOperator"}
{"timestamp":"2026-03-27T12:45:45.138733","level":"info","event":"[2026-03-27 21:45:45 KST] ETF 분석 시작: 305720 KODEX 2차전지산업","logger":"airflow.task.operators.airflow.providers.docker.operators.docker.DockerOperator"}
{"timestamp":"2026-03-27T12:45:45.138814","level":"info","event":"","logger":"airflow.task.operators.airflow.providers.docker.operators.docker.DockerOperator"}
{"timestamp":"2026-03-27T12:47:59.419645","level":"info","event":"[2026-03-27 21:47:59 KST] 305720 KODEX 2차전지산업: week=bearish, month=bearish -> data/reports/305720_20260327.md (134.3초)","logger":"airflow.task.operators.airflow.providers.docker.operators.docker.DockerOperator"}
{"timestamp":"2026-03-27T12:47:59.798888","level":"info","event":"[2026-03-27 21:47:59 KST] 슬랙 ETF 알림 전송 완료(305720)","logger":"airflow.task.operators.airflow.providers.docker.operators.docker.DockerOperator"}
{"timestamp":"2026-03-27T12:47:59.803049","level":"info","event":"[2026-03-27 21:47:59 KST] 장중 배치를 완료합니다. finished_at=2026-03-27 21:47:59 KST, elapsed=777.4초","logger":"airflow.task.operators.airflow.providers.docker.operators.docker.DockerOperator"}
{"timestamp":"2026-03-27T12:48:00.190130","level":"info","event":"[2026-03-27 21:48:00 KST] 슬랙 최종 알림 전송 완료","logger":"airflow.task.operators.airflow.providers.docker.operators.docker.DockerOperator"}
{"timestamp":"2026-03-27T12:48:00.559540","level":"info","event":"Pushing xcom","ti":"RuntimeTaskInstance(id=UUID('019d2f4a-6e73-7d5e-ad14-af0ca72e92fd'), task_id='run_intraday_batch', dag_id='etf_forecast_intraday', run_id='manual__2026-03-27T12:35:00.239882+00:00_1O6zkfFi', try_number=1, map_index=-1, hostname='1ebd32b6cb5e', context_carrier=None, task=<Task(DockerOperator): run_intraday_batch>, bundle_instance=LocalDagBundle(name=dags-folder), max_tries=1, start_date=datetime.datetime(2026, 3, 27, 12, 35, 1, 311574, tzinfo=TzInfo(UTC)), end_date=None, state=<TaskInstanceState.RUNNING: 'running'>, is_mapped=False, rendered_map_index=None)","logger":"task"}
